<?xml version="1.0" encoding="UTF-8"?>
<testsuite xmlns:xsi="http://www.w3.org/2001/XMLSchema-instance" xsi:noNamespaceSchemaLocation="https://maven.apache.org/surefire/maven-surefire-plugin/xsd/surefire-test-report-3.0.xsd" version="3.0" name="homeworkautotest.test1.IsEvenTest" time="0.047" tests="5" errors="0" skipped="0" failures="0">
  <properties>
[...]
</properties>
  <testcase name="checkingNegativeEvenNumbers" classname="homeworkautotest.test1.IsEvenTest" time="0.02"/>
  <testcase name="checkingPositiveEvenNumbers" classname="homeworkautotest.test1.IsEvenTest" time="0.001"/>
  <testcase name="checkingNegativeOddNumbers" classname="homeworkautotest.test1.IsEvenTest" time="0.001"/>
  <testcase name="checkingZero" classname="homeworkautotest.test1.IsEvenTest" time="0.0"/>
  <testcase name="checkingPositiveOddNumbers" classname="homeworkautotest.test1.IsEvenTest" time="0.0"/>
</testsuite>